<?xml version="1.0" encoding="UTF-8"?>
<!-- Generated by org.testng.reporters.JUnitXMLReporter -->
<testsuite ignored="0" hostname="LTIN230313" failures="0" tests="8" name="Surefire test" time="0.156" errors="0" timestamp="2024-03-04T21:18:20 IST">
  <testcase classname="regression.RegressionTests" name="@BeforeClass setup" time="-1.70956730012E9">
    <failure type="org.testng.TestNGException" message="
Parameter &amp;apos;browser&amp;apos; is required by BeforeClass on method setup but has not been marked @Optional or defined
">
      <![CDATA[org.testng.TestNGException: 
Parameter 'browser' is required by BeforeClass on method setup but has not been marked @Optional or defined

at java.base/java.util.ArrayList.forEach(ArrayList.java:1511)
... Removed 27 stack frames]]>
    </failure>
  </testcase> <!-- @BeforeClass setup -->
  <testcase classname="regression.RegressionTests" name="@AfterClass closeDriver" time="0.0">
    <skipped/>
  </testcase> <!-- @AfterClass closeDriver -->
  <testcase classname="smoke.SmokeTest" name="@BeforeClass setup" time="-1.709567300209E9">
    <failure type="org.testng.TestNGException" message="
Parameter &amp;apos;browser&amp;apos; is required by BeforeClass on method setup but has not been marked @Optional or defined
">
      <![CDATA[org.testng.TestNGException: 
Parameter 'browser' is required by BeforeClass on method setup but has not been marked @Optional or defined

at java.base/java.util.ArrayList.forEach(ArrayList.java:1511)
... Removed 27 stack frames]]>
    </failure>
  </testcase> <!-- @BeforeClass setup -->
  <testcase classname="smoke.SmokeTest" name="@AfterClass closeDriver" time="0.0">
    <skipped/>
  </testcase> <!-- @AfterClass closeDriver -->
  <testcase classname="regression.RegressionTests" name="upComingBikes" time="0.0">
    <skipped/>
  </testcase> <!-- upComingBikes -->
  <testcase classname="regression.RegressionTests" name="usedCars" time="0.0">
    <skipped/>
  </testcase> <!-- usedCars -->
  <testcase classname="regression.RegressionTests" name="testGoogleSignIn" time="0.0">
    <skipped/>
  </testcase> <!-- testGoogleSignIn -->
  <testcase classname="regression.RegressionTests" name="capture_errormessage" time="0.0">
    <skipped/>
  </testcase> <!-- capture_errormessage -->
  <testcase classname="smoke.SmokeTest" name="newbikemenu" time="0.001">
    <skipped/>
  </testcase> <!-- newbikemenu -->
  <testcase classname="smoke.SmokeTest" name="upComingBikes" time="0.0">
    <skipped/>
  </testcase> <!-- upComingBikes -->
  <testcase classname="smoke.SmokeTest" name="usedCars" time="0.0">
    <skipped/>
  </testcase> <!-- usedCars -->
  <testcase classname="smoke.SmokeTest" name="testGoogleSignIn" time="0.0">
    <skipped/>
  </testcase> <!-- testGoogleSignIn -->
</testsuite> <!-- Surefire test -->
