<?xml version="1.0" encoding="UTF-8"?>
<!-- Generated by org.testng.reporters.JUnitXMLReporter -->
<testsuite ignored="3" hostname="LTIN230313" failures="0" tests="3" name="chromeTest" time="87.518" errors="0" timestamp="2024-02-28T15:38:13 IST">
  <testcase classname="com.regressiontestcases.RegressionTests" name="upComingBikes" time="14.444"/>
  <testcase classname="com.regressiontestcases.RegressionTests" name="usedCars" time="7.146"/>
  <testcase classname="com.regressiontestcases.RegressionTests" name="testGoogleSignIn" time="10.908"/>
  <testcase classname="com.smoketestcases.SmokeTest" name="testGoogleSignIn" time="0.0">
    <ignored/>
  </testcase> <!-- testGoogleSignIn -->
  <testcase classname="com.smoketestcases.SmokeTest" name="usedCars" time="0.0">
    <ignored/>
  </testcase> <!-- usedCars -->
  <testcase classname="com.smoketestcases.SmokeTest" name="upComingBikes" time="0.0">
    <ignored/>
  </testcase> <!-- upComingBikes -->
</testsuite> <!-- chromeTest -->
