<?xml version="1.0" encoding="UTF-8"?>
<!-- Generated by org.testng.reporters.JUnitXMLReporter -->
<testsuite ignored="4" hostname="LTIN230313" failures="0" tests="4" name="chromeTest" time="28.302" errors="0" timestamp="2024-03-04T15:42:17 IST">
  <testcase classname="regression.RegressionTests" name="upComingBikes" time="1.058"/>
  <testcase classname="regression.RegressionTests" name="usedCars" time="7.228"/>
  <testcase classname="regression.RegressionTests" name="testGoogleSignIn" time="7.816"/>
  <testcase classname="regression.RegressionTests" name="capture_errormessage" time="2.147"/>
  <testcase classname="smoke.SmokeTest" name="testGoogleSignIn" time="0.0">
    <ignored/>
  </testcase> <!-- testGoogleSignIn -->
  <testcase classname="smoke.SmokeTest" name="usedCars" time="0.0">
    <ignored/>
  </testcase> <!-- usedCars -->
  <testcase classname="smoke.SmokeTest" name="newbikemenu" time="0.0">
    <ignored/>
  </testcase> <!-- newbikemenu -->
  <testcase classname="smoke.SmokeTest" name="upComingBikes" time="0.0">
    <ignored/>
  </testcase> <!-- upComingBikes -->
</testsuite> <!-- chromeTest -->
