<?xml version="1.0" encoding="UTF-8"?>
<!-- Generated by org.testng.reporters.JUnitXMLReporter -->
<testsuite ignored="0" hostname="LTIN230313" failures="0" tests="3" name="edgeTest" time="32.82" errors="0" timestamp="2024-02-26T10:47:15 IST">
  <testcase classname="test.AllTests" name="@AfterMethod teardown" time="0.003">
    <failure type="java.lang.NullPointerException" message="Cannot invoke &amp;quot;com.aventstack.extentreports.ExtentTest.log(com.aventstack.extentreports.Status, String)&amp;quot; because &amp;quot;test.AllTests.logger&amp;quot; is null">
      <![CDATA[java.lang.NullPointerException: Cannot invoke "com.aventstack.extentreports.ExtentTest.log(com.aventstack.extentreports.Status, String)" because "test.AllTests.logger" is null
at test.AllTests.teardown(AllTests.java:131)
at java.base/java.util.ArrayList.forEach(ArrayList.java:1511)
... Removed 32 stack frames]]>
    </failure>
  </testcase> <!-- @AfterMethod teardown -->
  <testcase classname="test.AllTests" name="@AfterMethod teardown" time="0.0">
    <skipped/>
  </testcase> <!-- @AfterMethod teardown -->
  <testcase classname="test.AllTests" name="@AfterMethod teardown" time="0.0">
    <skipped/>
  </testcase> <!-- @AfterMethod teardown -->
  <testcase classname="test.AllTests" name="@AfterClass closeDriver" time="0.0">
    <skipped/>
  </testcase> <!-- @AfterClass closeDriver -->
  <testcase classname="test.AllTests" name="upComingBikes" time="11.642"/>
  <testcase classname="test.AllTests" name="usedCars" time="0.0">
    <skipped/>
  </testcase> <!-- usedCars -->
  <testcase classname="test.AllTests" name="testGoogleSignIn" time="0.0">
    <skipped/>
  </testcase> <!-- testGoogleSignIn -->
</testsuite> <!-- edgeTest -->
