<?xml version="1.0" encoding="UTF-8"?>
<!-- Generated by org.testng.reporters.JUnitXMLReporter -->
<testsuite ignored="4" hostname="LTIN230313" failures="0" tests="4" name="Test" time="44.016" errors="0" timestamp="2024-03-04T15:41:44 IST">
  <testcase classname="regression.RegressionTests" name="upComingBikes" time="12.475"/>
  <testcase classname="regression.RegressionTests" name="usedCars" time="6.325"/>
  <testcase classname="regression.RegressionTests" name="testGoogleSignIn" time="7.354"/>
  <testcase classname="regression.RegressionTests" name="capture_errormessage" time="2.115"/>
  <testcase classname="smoke.SmokeTest" name="usedCars" time="0.0">
    <ignored/>
  </testcase> <!-- usedCars -->
  <testcase classname="smoke.SmokeTest" name="newbikemenu" time="0.0">
    <ignored/>
  </testcase> <!-- newbikemenu -->
  <testcase classname="smoke.SmokeTest" name="testGoogleSignIn" time="0.0">
    <ignored/>
  </testcase> <!-- testGoogleSignIn -->
  <testcase classname="smoke.SmokeTest" name="upComingBikes" time="0.0">
    <ignored/>
  </testcase> <!-- upComingBikes -->
</testsuite> <!-- Test -->
