<?xml version="1.0" encoding="UTF-8"?>
<!-- Generated by org.testng.reporters.JUnitXMLReporter -->
<testsuite ignored="4" hostname="LTIN230313" failures="0" tests="4" name="chromeTest" time="92.952" errors="0" timestamp="2024-03-04T22:03:55 IST">
  <testcase classname="regression.RegressionTests" name="upComingBikes" time="9.154"/>
  <testcase classname="regression.RegressionTests" name="usedCars" time="5.361"/>
  <testcase classname="regression.RegressionTests" name="testGoogleSignIn" time="4.926"/>
  <testcase classname="regression.RegressionTests" name="capture_errormessage" time="7.445"/>
  <testcase classname="smoke.SmokeTest" name="upComingBikes" time="0.0">
    <ignored/>
  </testcase> <!-- upComingBikes -->
  <testcase classname="smoke.SmokeTest" name="newbikemenu" time="0.0">
    <ignored/>
  </testcase> <!-- newbikemenu -->
  <testcase classname="smoke.SmokeTest" name="testGoogleSignIn" time="0.0">
    <ignored/>
  </testcase> <!-- testGoogleSignIn -->
  <testcase classname="smoke.SmokeTest" name="usedCars" time="0.0">
    <ignored/>
  </testcase> <!-- usedCars -->
</testsuite> <!-- chromeTest -->
