<?xml version="1.0" encoding="UTF-8"?>
<!-- Generated by org.testng.reporters.JUnitXMLReporter -->
<testsuite ignored="4" hostname="LTIN230313" failures="0" tests="4" name="Test" time="320.367" errors="0" timestamp="2024-03-04T22:02:15 IST">
  <testcase classname="regression.RegressionTests" name="upComingBikes" time="62.096"/>
  <testcase classname="regression.RegressionTests" name="usedCars" time="16.911"/>
  <testcase classname="regression.RegressionTests" name="testGoogleSignIn" time="7.532"/>
  <testcase classname="regression.RegressionTests" name="capture_errormessage" time="39.36"/>
  <testcase classname="smoke.SmokeTest" name="testGoogleSignIn" time="0.0">
    <ignored/>
  </testcase> <!-- testGoogleSignIn -->
  <testcase classname="smoke.SmokeTest" name="upComingBikes" time="0.0">
    <ignored/>
  </testcase> <!-- upComingBikes -->
  <testcase classname="smoke.SmokeTest" name="usedCars" time="0.0">
    <ignored/>
  </testcase> <!-- usedCars -->
  <testcase classname="smoke.SmokeTest" name="newbikemenu" time="0.0">
    <ignored/>
  </testcase> <!-- newbikemenu -->
</testsuite> <!-- Test -->
