<?xml version="1.0" encoding="UTF-8"?>
<testng-results ignored="8" total="16" passed="8" failed="0" skipped="0">
  <reporter-output>
  </reporter-output>
  <suite started-at="2024-03-04T21:56:45 IST" name="Suite" finished-at="2024-03-04T22:03:48 IST" duration-ms="422877">
    <groups>
      <group name="regression">
        <method signature="RegressionTests.upComingBikes()[pri:1, instance:regression.RegressionTests@130d63be]" name="upComingBikes" class="regression.RegressionTests"/>
        <method signature="RegressionTests.usedCars()[pri:2, instance:regression.RegressionTests@130d63be]" name="usedCars" class="regression.RegressionTests"/>
        <method signature="RegressionTests.testGoogleSignIn()[pri:3, instance:regression.RegressionTests@130d63be]" name="testGoogleSignIn" class="regression.RegressionTests"/>
        <method signature="RegressionTests.capture_errormessage()[pri:4, instance:regression.RegressionTests@130d63be]" name="capture_errormessage" class="regression.RegressionTests"/>
        <method signature="RegressionTests.upComingBikes()[pri:1, instance:regression.RegressionTests@515c6049]" name="upComingBikes" class="regression.RegressionTests"/>
        <method signature="RegressionTests.usedCars()[pri:2, instance:regression.RegressionTests@515c6049]" name="usedCars" class="regression.RegressionTests"/>
        <method signature="RegressionTests.testGoogleSignIn()[pri:3, instance:regression.RegressionTests@515c6049]" name="testGoogleSignIn" class="regression.RegressionTests"/>
        <method signature="RegressionTests.capture_errormessage()[pri:4, instance:regression.RegressionTests@515c6049]" name="capture_errormessage" class="regression.RegressionTests"/>
      </group> <!-- regression -->
    </groups>
    <test started-at="2024-03-04T21:56:45 IST" name="Test" finished-at="2024-03-04T22:02:06 IST" duration-ms="320367">
      <class name="regression.RegressionTests">
        <test-method is-config="true" signature="setup(java.lang.String)[pri:0, instance:regression.RegressionTests@130d63be]" started-at="2024-03-04T21:56:46 IST" name="setup" finished-at="2024-03-04T21:59:32 IST" duration-ms="166495" status="PASS">
          <params>
            <param index="0">
              <value>
                <![CDATA[edge]]>
              </value>
            </param>
          </params>
          <reporter-output>
          </reporter-output>
        </test-method> <!-- setup -->
        <test-method signature="upComingBikes()[pri:1, instance:regression.RegressionTests@130d63be]" started-at="2024-03-04T21:59:32 IST" name="upComingBikes" finished-at="2024-03-04T22:00:34 IST" duration-ms="62096" status="PASS">
          <reporter-output>
          </reporter-output>
        </test-method> <!-- upComingBikes -->
        <test-method signature="usedCars()[pri:2, instance:regression.RegressionTests@130d63be]" started-at="2024-03-04T22:00:59 IST" name="usedCars" finished-at="2024-03-04T22:01:16 IST" duration-ms="16911" status="PASS">
          <reporter-output>
          </reporter-output>
        </test-method> <!-- usedCars -->
        <test-method signature="testGoogleSignIn()[pri:3, instance:regression.RegressionTests@130d63be]" started-at="2024-03-04T22:01:16 IST" name="testGoogleSignIn" finished-at="2024-03-04T22:01:24 IST" duration-ms="7532" status="PASS">
          <reporter-output>
          </reporter-output>
        </test-method> <!-- testGoogleSignIn -->
        <test-method signature="capture_errormessage()[pri:4, instance:regression.RegressionTests@130d63be]" started-at="2024-03-04T22:01:24 IST" name="capture_errormessage" finished-at="2024-03-04T22:02:04 IST" duration-ms="39360" status="PASS">
          <reporter-output>
          </reporter-output>
        </test-method> <!-- capture_errormessage -->
        <test-method is-config="true" signature="closeDriver()[pri:0, instance:regression.RegressionTests@130d63be]" started-at="2024-03-04T22:02:04 IST" name="closeDriver" finished-at="2024-03-04T22:02:06 IST" duration-ms="1571" status="PASS">
          <reporter-output>
          </reporter-output>
        </test-method> <!-- closeDriver -->
      </class> <!-- regression.RegressionTests -->
    </test> <!-- Test -->
    <test started-at="2024-03-04T22:02:15 IST" name="chromeTest" finished-at="2024-03-04T22:03:48 IST" duration-ms="92952">
      <class name="regression.RegressionTests">
        <test-method is-config="true" signature="setup(java.lang.String)[pri:0, instance:regression.RegressionTests@515c6049]" started-at="2024-03-04T22:02:15 IST" name="setup" finished-at="2024-03-04T22:03:18 IST" duration-ms="63132" status="PASS">
          <params>
            <param index="0">
              <value>
                <![CDATA[chrome]]>
              </value>
            </param>
          </params>
          <reporter-output>
          </reporter-output>
        </test-method> <!-- setup -->
        <test-method signature="upComingBikes()[pri:1, instance:regression.RegressionTests@515c6049]" started-at="2024-03-04T22:03:18 IST" name="upComingBikes" finished-at="2024-03-04T22:03:27 IST" duration-ms="9154" status="PASS">
          <reporter-output>
          </reporter-output>
        </test-method> <!-- upComingBikes -->
        <test-method signature="usedCars()[pri:2, instance:regression.RegressionTests@515c6049]" started-at="2024-03-04T22:03:28 IST" name="usedCars" finished-at="2024-03-04T22:03:33 IST" duration-ms="5361" status="PASS">
          <reporter-output>
          </reporter-output>
        </test-method> <!-- usedCars -->
        <test-method signature="testGoogleSignIn()[pri:3, instance:regression.RegressionTests@515c6049]" started-at="2024-03-04T22:03:34 IST" name="testGoogleSignIn" finished-at="2024-03-04T22:03:39 IST" duration-ms="4926" status="PASS">
          <reporter-output>
          </reporter-output>
        </test-method> <!-- testGoogleSignIn -->
        <test-method signature="capture_errormessage()[pri:4, instance:regression.RegressionTests@515c6049]" started-at="2024-03-04T22:03:39 IST" name="capture_errormessage" finished-at="2024-03-04T22:03:46 IST" duration-ms="7445" status="PASS">
          <reporter-output>
          </reporter-output>
        </test-method> <!-- capture_errormessage -->
        <test-method is-config="true" signature="closeDriver()[pri:0, instance:regression.RegressionTests@515c6049]" started-at="2024-03-04T22:03:47 IST" name="closeDriver" finished-at="2024-03-04T22:03:48 IST" duration-ms="1427" status="PASS">
          <reporter-output>
          </reporter-output>
        </test-method> <!-- closeDriver -->
      </class> <!-- regression.RegressionTests -->
    </test> <!-- chromeTest -->
  </suite> <!-- Suite -->
</testng-results>
