<?xml version="1.0" encoding="UTF-8"?>
<testng-results ignored="6" total="12" passed="6" failed="0" skipped="0">
  <reporter-output>
  </reporter-output>
  <suite started-at="2024-02-28T15:32:57 IST" name="Suite" finished-at="2024-02-28T15:38:13 IST" duration-ms="315834">
    <groups>
      <group name="regression">
        <method signature="RegressionTests.upComingBikes()[pri:1, instance:com.regressiontestcases.RegressionTests@247310d0]" name="upComingBikes" class="com.regressiontestcases.RegressionTests"/>
        <method signature="RegressionTests.usedCars()[pri:2, instance:com.regressiontestcases.RegressionTests@247310d0]" name="usedCars" class="com.regressiontestcases.RegressionTests"/>
        <method signature="RegressionTests.testGoogleSignIn()[pri:3, instance:com.regressiontestcases.RegressionTests@247310d0]" name="testGoogleSignIn" class="com.regressiontestcases.RegressionTests"/>
        <method signature="RegressionTests.upComingBikes()[pri:1, instance:com.regressiontestcases.RegressionTests@3cce5371]" name="upComingBikes" class="com.regressiontestcases.RegressionTests"/>
        <method signature="RegressionTests.usedCars()[pri:2, instance:com.regressiontestcases.RegressionTests@3cce5371]" name="usedCars" class="com.regressiontestcases.RegressionTests"/>
        <method signature="RegressionTests.testGoogleSignIn()[pri:3, instance:com.regressiontestcases.RegressionTests@3cce5371]" name="testGoogleSignIn" class="com.regressiontestcases.RegressionTests"/>
      </group> <!-- regression -->
    </groups>
    <test started-at="2024-02-28T15:32:57 IST" name="Test" finished-at="2024-02-28T15:36:45 IST" duration-ms="227362">
      <class name="com.regressiontestcases.RegressionTests">
        <test-method is-config="true" signature="setup(java.lang.String)[pri:0, instance:com.regressiontestcases.RegressionTests@247310d0]" started-at="2024-02-28T15:32:58 IST" name="setup" finished-at="2024-02-28T15:35:04 IST" duration-ms="126285" status="PASS">
          <params>
            <param index="0">
              <value>
                <![CDATA[edge]]>
              </value>
            </param>
          </params>
          <reporter-output>
          </reporter-output>
        </test-method> <!-- setup -->
        <test-method signature="upComingBikes()[pri:1, instance:com.regressiontestcases.RegressionTests@247310d0]" started-at="2024-02-28T15:35:04 IST" name="upComingBikes" finished-at="2024-02-28T15:35:23 IST" duration-ms="18293" status="PASS">
          <reporter-output>
          </reporter-output>
        </test-method> <!-- upComingBikes -->
        <test-method signature="usedCars()[pri:2, instance:com.regressiontestcases.RegressionTests@247310d0]" started-at="2024-02-28T15:35:49 IST" name="usedCars" finished-at="2024-02-28T15:36:09 IST" duration-ms="19483" status="PASS">
          <reporter-output>
          </reporter-output>
        </test-method> <!-- usedCars -->
        <test-method signature="testGoogleSignIn()[pri:3, instance:com.regressiontestcases.RegressionTests@247310d0]" started-at="2024-02-28T15:36:09 IST" name="testGoogleSignIn" finished-at="2024-02-28T15:36:36 IST" duration-ms="26311" status="PASS">
          <reporter-output>
          </reporter-output>
        </test-method> <!-- testGoogleSignIn -->
        <test-method is-config="true" signature="closeDriver()[pri:0, instance:com.regressiontestcases.RegressionTests@247310d0]" started-at="2024-02-28T15:36:36 IST" name="closeDriver" finished-at="2024-02-28T15:36:45 IST" duration-ms="8789" status="PASS">
          <reporter-output>
          </reporter-output>
        </test-method> <!-- closeDriver -->
      </class> <!-- com.regressiontestcases.RegressionTests -->
    </test> <!-- Test -->
    <test started-at="2024-02-28T15:36:46 IST" name="chromeTest" finished-at="2024-02-28T15:38:13 IST" duration-ms="87518">
      <class name="com.regressiontestcases.RegressionTests">
        <test-method is-config="true" signature="setup(java.lang.String)[pri:0, instance:com.regressiontestcases.RegressionTests@3cce5371]" started-at="2024-02-28T15:36:46 IST" name="setup" finished-at="2024-02-28T15:37:33 IST" duration-ms="47888" status="PASS">
          <params>
            <param index="0">
              <value>
                <![CDATA[chrome]]>
              </value>
            </param>
          </params>
          <reporter-output>
          </reporter-output>
        </test-method> <!-- setup -->
        <test-method signature="upComingBikes()[pri:1, instance:com.regressiontestcases.RegressionTests@3cce5371]" started-at="2024-02-28T15:37:33 IST" name="upComingBikes" finished-at="2024-02-28T15:37:48 IST" duration-ms="14444" status="PASS">
          <reporter-output>
          </reporter-output>
        </test-method> <!-- upComingBikes -->
        <test-method signature="usedCars()[pri:2, instance:com.regressiontestcases.RegressionTests@3cce5371]" started-at="2024-02-28T15:37:48 IST" name="usedCars" finished-at="2024-02-28T15:37:56 IST" duration-ms="7146" status="PASS">
          <reporter-output>
          </reporter-output>
        </test-method> <!-- usedCars -->
        <test-method signature="testGoogleSignIn()[pri:3, instance:com.regressiontestcases.RegressionTests@3cce5371]" started-at="2024-02-28T15:37:56 IST" name="testGoogleSignIn" finished-at="2024-02-28T15:38:07 IST" duration-ms="10908" status="PASS">
          <reporter-output>
          </reporter-output>
        </test-method> <!-- testGoogleSignIn -->
        <test-method is-config="true" signature="closeDriver()[pri:0, instance:com.regressiontestcases.RegressionTests@3cce5371]" started-at="2024-02-28T15:38:07 IST" name="closeDriver" finished-at="2024-02-28T15:38:13 IST" duration-ms="6083" status="PASS">
          <reporter-output>
          </reporter-output>
        </test-method> <!-- closeDriver -->
      </class> <!-- com.regressiontestcases.RegressionTests -->
    </test> <!-- chromeTest -->
  </suite> <!-- Suite -->
</testng-results>
