<?xml version="1.0" encoding="UTF-8"?>
<testng-results ignored="8" total="16" passed="8" failed="0" skipped="0">
  <reporter-output>
  </reporter-output>
  <suite started-at="2024-03-04T15:40:54 IST" name="Suite" finished-at="2024-03-04T15:42:12 IST" duration-ms="78336">
    <groups>
      <group name="regression">
        <method signature="RegressionTests.upComingBikes()[pri:1, instance:regression.RegressionTests@76494737]" name="upComingBikes" class="regression.RegressionTests"/>
        <method signature="RegressionTests.usedCars()[pri:2, instance:regression.RegressionTests@76494737]" name="usedCars" class="regression.RegressionTests"/>
        <method signature="RegressionTests.testGoogleSignIn()[pri:3, instance:regression.RegressionTests@76494737]" name="testGoogleSignIn" class="regression.RegressionTests"/>
        <method signature="RegressionTests.capture_errormessage()[pri:4, instance:regression.RegressionTests@76494737]" name="capture_errormessage" class="regression.RegressionTests"/>
        <method signature="RegressionTests.upComingBikes()[pri:1, instance:regression.RegressionTests@15a34df2]" name="upComingBikes" class="regression.RegressionTests"/>
        <method signature="RegressionTests.usedCars()[pri:2, instance:regression.RegressionTests@15a34df2]" name="usedCars" class="regression.RegressionTests"/>
        <method signature="RegressionTests.testGoogleSignIn()[pri:3, instance:regression.RegressionTests@15a34df2]" name="testGoogleSignIn" class="regression.RegressionTests"/>
        <method signature="RegressionTests.capture_errormessage()[pri:4, instance:regression.RegressionTests@15a34df2]" name="capture_errormessage" class="regression.RegressionTests"/>
      </group> <!-- regression -->
    </groups>
    <test started-at="2024-03-04T15:40:54 IST" name="Test" finished-at="2024-03-04T15:41:38 IST" duration-ms="44016">
      <class name="regression.RegressionTests">
        <test-method is-config="true" signature="setup(java.lang.String)[pri:0, instance:regression.RegressionTests@76494737]" started-at="2024-03-04T15:40:54 IST" name="setup" finished-at="2024-03-04T15:41:07 IST" duration-ms="12758" status="PASS">
          <params>
            <param index="0">
              <value>
                <![CDATA[edge]]>
              </value>
            </param>
          </params>
          <reporter-output>
          </reporter-output>
        </test-method> <!-- setup -->
        <test-method signature="upComingBikes()[pri:1, instance:regression.RegressionTests@76494737]" started-at="2024-03-04T15:41:07 IST" name="upComingBikes" finished-at="2024-03-04T15:41:20 IST" duration-ms="12475" status="PASS">
          <reporter-output>
          </reporter-output>
        </test-method> <!-- upComingBikes -->
        <test-method signature="usedCars()[pri:2, instance:regression.RegressionTests@76494737]" started-at="2024-03-04T15:41:20 IST" name="usedCars" finished-at="2024-03-04T15:41:26 IST" duration-ms="6325" status="PASS">
          <reporter-output>
          </reporter-output>
        </test-method> <!-- usedCars -->
        <test-method signature="testGoogleSignIn()[pri:3, instance:regression.RegressionTests@76494737]" started-at="2024-03-04T15:41:27 IST" name="testGoogleSignIn" finished-at="2024-03-04T15:41:34 IST" duration-ms="7354" status="PASS">
          <reporter-output>
          </reporter-output>
        </test-method> <!-- testGoogleSignIn -->
        <test-method signature="capture_errormessage()[pri:4, instance:regression.RegressionTests@76494737]" started-at="2024-03-04T15:41:34 IST" name="capture_errormessage" finished-at="2024-03-04T15:41:36 IST" duration-ms="2115" status="PASS">
          <reporter-output>
          </reporter-output>
        </test-method> <!-- capture_errormessage -->
        <test-method is-config="true" signature="closeDriver()[pri:0, instance:regression.RegressionTests@76494737]" started-at="2024-03-04T15:41:37 IST" name="closeDriver" finished-at="2024-03-04T15:41:38 IST" duration-ms="1358" status="PASS">
          <reporter-output>
          </reporter-output>
        </test-method> <!-- closeDriver -->
      </class> <!-- regression.RegressionTests -->
    </test> <!-- Test -->
    <test started-at="2024-03-04T15:41:44 IST" name="chromeTest" finished-at="2024-03-04T15:42:12 IST" duration-ms="28302">
      <class name="regression.RegressionTests">
        <test-method is-config="true" signature="setup(java.lang.String)[pri:0, instance:regression.RegressionTests@15a34df2]" started-at="2024-03-04T15:41:44 IST" name="setup" finished-at="2024-03-04T15:41:51 IST" duration-ms="7493" status="PASS">
          <params>
            <param index="0">
              <value>
                <![CDATA[chrome]]>
              </value>
            </param>
          </params>
          <reporter-output>
          </reporter-output>
        </test-method> <!-- setup -->
        <test-method signature="upComingBikes()[pri:1, instance:regression.RegressionTests@15a34df2]" started-at="2024-03-04T15:41:51 IST" name="upComingBikes" finished-at="2024-03-04T15:41:53 IST" duration-ms="1058" status="PASS">
          <reporter-output>
          </reporter-output>
        </test-method> <!-- upComingBikes -->
        <test-method signature="usedCars()[pri:2, instance:regression.RegressionTests@15a34df2]" started-at="2024-03-04T15:41:53 IST" name="usedCars" finished-at="2024-03-04T15:42:00 IST" duration-ms="7228" status="PASS">
          <reporter-output>
          </reporter-output>
        </test-method> <!-- usedCars -->
        <test-method signature="testGoogleSignIn()[pri:3, instance:regression.RegressionTests@15a34df2]" started-at="2024-03-04T15:42:01 IST" name="testGoogleSignIn" finished-at="2024-03-04T15:42:08 IST" duration-ms="7816" status="PASS">
          <reporter-output>
          </reporter-output>
        </test-method> <!-- testGoogleSignIn -->
        <test-method signature="capture_errormessage()[pri:4, instance:regression.RegressionTests@15a34df2]" started-at="2024-03-04T15:42:08 IST" name="capture_errormessage" finished-at="2024-03-04T15:42:11 IST" duration-ms="2147" status="PASS">
          <reporter-output>
          </reporter-output>
        </test-method> <!-- capture_errormessage -->
        <test-method is-config="true" signature="closeDriver()[pri:0, instance:regression.RegressionTests@15a34df2]" started-at="2024-03-04T15:42:11 IST" name="closeDriver" finished-at="2024-03-04T15:42:12 IST" duration-ms="1365" status="PASS">
          <reporter-output>
          </reporter-output>
        </test-method> <!-- closeDriver -->
      </class> <!-- regression.RegressionTests -->
    </test> <!-- chromeTest -->
  </suite> <!-- Suite -->
</testng-results>
